ERROR:LORA :Couldn't connect with COM19.
INFO:LORA :Connected with COM19 at 9600 baudrate.
INFO:LORA :Serial Write: bytearray(b'\xc1\x00\t')
INFO:LORA :Serial Response: b'\xc1\x00\t\x00\x00\x00\xe2\x00\x00\x03\x00\x00'
INFO:LORA :Serial Write: bytearray(b'\xc1\x00\t')
INFO:LORA :Serial Response: b'\xc1\x00\t\x00\x00\x00\xe2\x00\x00\x03\x00\x00'
INFO:LORA :Serial Write: bytearray(b'\xc1\x00\t')
INFO:LORA :Serial Response: b'\xc1\x00\t\x00\x00\x00\xe2\x00\x00\x03\x00\x00'
INFO:LORA :Serial Write: bytearray(b'\xc1\x00\t')
INFO:LORA :Serial Response: b'\xc1\x00\t\x00\x00\x00\xe2\x00\x00\x03\x00\x00'
INFO:LORA :Serial Write: bytearray(b'\xc1\x00\t')
INFO:LORA :Serial Response: b'\xc1\x00\t\x00\x00\x00\xe2\x00\x00\x03\x00\x00'
INFO:LORA :Serial Write: bytearray(b'\xc1\x00\t')
INFO:LORA :Serial Write: bytearray(b'\xc1\x00\t')
INFO:LORA :Serial Write: bytearray(b'\xc1\x00\t')
INFO:LORA :Serial Write: bytearray(b'\xc1\x00\t')
INFO:LORA :Serial Write: bytearray(b'\xc1\x00\t')
INFO:LORA :Serial Response: b'\xc1\x00\t\x00\x00\x00\xe2\x00\x00\x03\x00\x00'
ERROR:LORA :Serial Exception: GetOverlappedResult failed (PermissionError(13, 'Access is denied.', None, 5)).
INFO:LORA :Connected with COM19 at 9600 baudrate.
INFO:LORA :Serial Write: bytearray(b'\xc1\x00\t')
INFO:LORA :Serial Response: b'\xc1\x00\t\x00\x00\x00\xe2\x00\x02\x03\x00\x00'
INFO:LORA :Serial Write: bytearray(b'\xc0\x00\t\x00\x00\x00b\x00\x05\x03\x00\x00')
INFO:LORA :Serial Response: b'\xc1\x00\t\x00\x00\x00b\x00\x05\x03\x00\x00'
INFO:LORA :Serial Port Disconnected
INFO:LORA :Connected with COM19 at 9600 baudrate.
INFO:LORA :Serial Write: bytearray(b'\xc1\x00\t')
INFO:LORA :Serial Response: b'\xc1\x00\t\x00\x00\x00b\x00\x05\x03\x00\x00'
INFO:LORA :Serial Write: bytearray(b'\xc1\x00\t')
INFO:LORA :Serial Response: b'\xc1\x00\t\x00\x00\x00b\x00\x05\x03\x00\x00'
INFO:LORA :Serial Write: bytearray(b'\xc0\x00\t\x00\x00\x00b\x00\x00\x03\x00\x00')
INFO:LORA :Serial Response: b'\xc1\x00\t\x00\x00\x00b\x00\x00\x03\x00\x00'
INFO:LORA :Serial Write: bytearray(b'\xc0\x00\t\x00\x00\x00b\x00\x00\x03\x00\x00')
INFO:LORA :Serial Write: bytearray(b'\xc0\x00\t\x00\x00\x00b\x00\x00\x03\x00\x00')
INFO:LORA :Serial Write: bytearray(b'\xc0\x00\t\x00\x00\x00b\x00\x00\x03\x00\x00')
INFO:LORA :Serial Response: b'\xc1\x00\t\x00\x00\x00b\x00\x00\x03\x00\x00\xff\xff\xff'
INFO:LORA :Serial Response: b'\xc1\x00\t\x00\x00\x00b\x00\x00\x03\x00\x00'
ERROR:LORA :Couldn't connect with COM19.
INFO:LORA :Connected with COM19 at 9600 baudrate.
INFO:LORA :Serial Write: bytearray(b'\xc1\x00\t')
INFO:LORA :Serial Response: b'\xc1\x00\t\x00\x00\x00b\x00\x00\x03\x00\x00'
INFO:LORA :Serial Write: bytearray(b'\xc1\x00\t')
INFO:LORA :Serial Response: b'\xc1\x00\t\x00\x00\x00b\x00\x00\x03\x00\x00'
ERROR:LORA :Serial Exception: GetOverlappedResult failed (PermissionError(13, 'Access is denied.', None, 5)).
ERROR:LORA :Couldn't connect with COM19.
INFO:LORA :Connected with COM19 at 9600 baudrate.
INFO:LORA :Serial Write: bytearray(b'\xc1\x00\t')
INFO:LORA :Serial Response: b'\xc1\x00\t\x00\x00\x00b\x00\x00\x03\x00\x00'
INFO:LORA :Serial Write: bytearray(b'\xc1\x00\t')
INFO:LORA :Serial Response: b'\xc1\x00\t\x00\x00\x00b\x00\x00\x03\x00\x00'
INFO:LORA :Serial Write: bytearray(b'\xc1\x00\t')
INFO:LORA :Serial Response: b'\xc1\x00\t\x00\x00\x00b\x00\x00\x03\x00\x00'
INFO:LORA :Serial Write: bytearray(b'\xc1\x00\t')
INFO:LORA :Serial Response: b'\xc1\x00\t\x00\x00\x00b\x00\x00\x03\x00\x00'
ERROR:LORA :Serial Exception: GetOverlappedResult failed (PermissionError(13, 'Access is denied.', None, 5)).
